  Cleaning GameEditor and UnrealHeaderTool binaries...
  Using 'git status' to determine working set for adaptive non-unity build (C:\Users\mKonieczka\Documents\GitHub\RTSGame).
  Creating makefile for GameEditor (no existing makefile)
  Parsing headers for GameEditor
    Running UnrealHeaderTool "C:\Users\mKonieczka\Documents\GitHub\RTSGame\Game\Game.uproject" "C:\Users\mKonieczka\Documents\GitHub\RTSGame\Game\Intermediate\Build\Win64\GameEditor\Development\GameEditor.uhtmanifest" -LogCmds="loginit warning, logexit warning, logdatabase error" -Unattended -WarningsAsErrors -installed
  Reflection code generated for GameEditor in 6.3816014 seconds
  Using Visual Studio 2019 14.23.28105 toolchain (C:\Program Files (x86)\Microsoft Visual Studio\2019\Community\VC\Tools\MSVC\14.23.28105) and Windows 10.0.18362.0 SDK (C:\Program Files (x86)\Windows Kits\10).
  Building 21 actions with 8 processes...
    [1/21] Default.rc2
    [2/21] SharedPCH.Engine.cpp
    [3/21] Game.cpp
    [4/21] Game.init.gen.cpp
    [5/21] RTSCameraPawn.cpp
    [6/21] RTSCamera.cpp
    [7/21] GameGameMode.cpp
    [8/21] GamePlayerController.cpp
    [9/21] RTSGameMode.cpp
    [10/21] GameCharacter.cpp
    [11/21] GameGameMode.gen.cpp
    [12/21] GamePlayerController.gen.cpp
    [13/21] RTSCamera.gen.cpp
    [14/21] GameCharacter.gen.cpp
    [15/21] RTSCameraPawn.gen.cpp
    [16/21] RTSPlayerController.cpp
    [17/21] RTSGameMode.gen.cpp
    [18/21] RTSPlayerController.gen.cpp
    [19/21] UE4Editor-Game-0001.lib
       Creating library C:\Users\mKonieczka\Documents\GitHub\RTSGame\Game\Intermediate\Build\Win64\UE4Editor\Development\Game\UE4Editor-Game-0001.lib and object C:\Users\mKonieczka\Documents\GitHub\RTSGame\Game\Intermediate\Build\Win64\UE4Editor\Development\Game\UE4Editor-Game-0001.exp
    [20/21] UE4Editor-Game-0001.dll
       Creating library C:\Users\mKonieczka\Documents\GitHub\RTSGame\Game\Intermediate\Build\Win64\UE4Editor\Development\Game\UE4Editor-Game-0001.suppressed.lib and object C:\Users\mKonieczka\Documents\GitHub\RTSGame\Game\Intermediate\Build\Win64\UE4Editor\Development\Game\UE4Editor-Game-0001.suppressed.exp
    [21/21] GameEditor.target
  Total time in Parallel executor: 20.68 seconds
  Total execution time: 29.57 seconds
